<?xml version="1.0" encoding="UTF-8"?>
<testsuite name="CalculatorTest" tests="2" skipped="0" failures="0" errors="0" timestamp="2022-09-24T06:39:48" hostname="VANITAS" time="0.015">
  <properties/>
  <testcase name="add()" classname="CalculatorTest" time="0.012"/>
  <testcase name="multiply()" classname="CalculatorTest" time="0.002"/>
  <system-out><![CDATA[]]></system-out>
  <system-err><![CDATA[]]></system-err>
</testsuite>
